Arguments: 
  C:\Program Files\nodejs\node.exe C:\Users\Ejezie Chinedu\AppData\Roaming\npm\node_modules\yarn\bin\yarn.js add react-native-paper

PATH: 
  C:\Windows\system32;C:\Windows;C:\Windows\System32\Wbem;C:\Windows\System32\WindowsPowerShell\v1.0\;C:\Windows\System32\OpenSSH\;C:\Program Files\nodejs\;C:\Program Files\Git\cmd;C:\Program Files\MySQL\MySQL Shell 8.0\bin\;C:\Ruby25\bin;C:\Ruby25-x64\bin;C:\Ruby27-x64\bin;C:\Users\Ejezie Chinedu\AppData\Local\Programs\Python\Python39\Scripts\;C:\Users\Ejezie Chinedu\AppData\Local\Programs\Python\Python39\;C:\Users\Ejezie Chinedu\AppData\Local\Microsoft\WindowsApps;;C:\Users\Ejezie Chinedu\AppData\Local\Programs\Microsoft VS Code\bin;C:\Users\Ejezie Chinedu\AppData\Roaming\npm

Yarn version: 
  1.22.10

Node version: 
  14.16.1

Platform: 
  win32 x64

Trace: 
  Error: connect ETIMEDOUT 104.16.26.35:443
      at TCPConnectWrap.afterConnect [as oncomplete] (net.js:1146:16)

npm manifest: 
  No manifest

yarn manifest: 
  No manifest

Lockfile: 
  # THIS IS AN AUTOGENERATED FILE. DO NOT EDIT THIS FILE DIRECTLY.
  # yarn lockfile v1
